SF:/Users/mbushe/dev/opensource/mindful_dart_util/test/src/mindful_dart_util_test.dart
DA:7,1
DA:8,2
DA:9,2
DA:10,1
DA:11,1
DA:12,3
DA:14,0
DA:17,2
DA:18,6
DA:21,2
DA:22,2
DA:23,1
DA:24,1
DA:25,4
DA:26,4
DA:27,4
DA:29,2
DA:30,1
DA:31,1
DA:32,4
DA:33,4
DA:34,5
LF:22
LH:21
end_of_record
SF:/Users/mbushe/dev/opensource/mindful_dart_util/test/src/date_util_test.dart
DA:5,1
DA:6,2
DA:7,2
DA:8,1
DA:9,3
DA:10,1
DA:11,4
DA:12,4
DA:13,4
DA:14,3
DA:15,3
DA:16,3
DA:17,3
DA:21,2
DA:22,1
DA:23,1
DA:25,3
DA:26,1
DA:27,3
DA:28,1
DA:29,2
DA:34,2
DA:35,1
DA:36,3
DA:37,1
DA:38,1
DA:39,2
DA:43,2
DA:44,1
DA:45,3
DA:46,1
DA:48,1
DA:49,2
DA:53,2
DA:54,1
DA:55,3
DA:56,1
DA:58,1
DA:59,2
LF:39
LH:39
end_of_record
SF:/Users/mbushe/dev/opensource/mindful_dart_util/test/src/cli_util_test.dart
DA:8,1
DA:9,2
DA:14,2
DA:15,2
DA:16,2
DA:17,2
DA:20,2
DA:21,1
DA:24,2
DA:25,1
DA:28,1
DA:30,0
DA:33,2
DA:34,1
DA:35,2
DA:38,1
DA:40,3
DA:41,2
DA:48,2
DA:49,1
DA:50,2
DA:53,1
DA:55,3
DA:56,0
DA:63,2
DA:64,1
DA:65,2
DA:68,1
DA:70,3
DA:71,2
DA:78,2
DA:79,1
DA:82,1
DA:84,0
DA:87,2
DA:88,1
DA:91,1
DA:93,0
LF:38
LH:34
end_of_record
SF:/Users/mbushe/dev/opensource/mindful_dart_util/test/src/exec_util_test.dart
DA:18,1
DA:26,1
DA:27,2
DA:28,1
DA:30,0
DA:31,0
DA:35,0
DA:36,0
DA:37,0
DA:40,0
DA:41,0
DA:44,0
DA:45,0
DA:48,0
DA:49,0
DA:54,2
DA:55,1
DA:56,0
DA:62,0
DA:67,0
DA:68,0
DA:70,0
DA:77,1
DA:78,0
DA:84,0
DA:89,0
DA:90,0
DA:91,0
DA:92,0
DA:94,0
DA:103,1
DA:104,0
DA:110,0
DA:115,0
DA:116,0
DA:117,0
DA:119,0
DA:122,0
DA:129,2
DA:130,2
DA:131,1
DA:136,3
DA:140,2
DA:141,1
DA:146,3
DA:150,2
DA:151,1
DA:156,4
LF:48
LH:18
end_of_record
